  Source.cpp
C:\Users\Administrator\source\repos\PokemonLab\PokemonLab\HashMap.h(160,12): warning C4129: ' ': unrecognized character escape sequence
C:\Users\Administrator\source\repos\PokemonLab\PokemonLab\Source.cpp(120,81): warning C4267: 'initializing': conversion from 'size_t' to 'int', possible loss of data
C:\Users\Administrator\source\repos\PokemonLab\PokemonLab\Source.cpp(123,81): warning C4267: 'initializing': conversion from 'size_t' to 'int', possible loss of data
C:\Users\Administrator\source\repos\PokemonLab\PokemonLab\HashMap.h(72,1): warning C4267: 'initializing': conversion from 'size_t' to 'int', possible loss of data
C:\Users\Administrator\source\repos\PokemonLab\PokemonLab\HashMap.h(70): message : while compiling class template member function 'size_t HashMap<std::string,Set<std::string>>::findHashValue(K)'
C:\Users\Administrator\source\repos\PokemonLab\PokemonLab\HashMap.h(70): message :         with
C:\Users\Administrator\source\repos\PokemonLab\PokemonLab\HashMap.h(70): message :         [
C:\Users\Administrator\source\repos\PokemonLab\PokemonLab\HashMap.h(70): message :             K=std::string
C:\Users\Administrator\source\repos\PokemonLab\PokemonLab\HashMap.h(70): message :         ]
C:\Users\Administrator\source\repos\PokemonLab\PokemonLab\HashMap.h(179): message : see reference to function template instantiation 'size_t HashMap<std::string,Set<std::string>>::findHashValue(K)' being compiled
C:\Users\Administrator\source\repos\PokemonLab\PokemonLab\HashMap.h(179): message :         with
C:\Users\Administrator\source\repos\PokemonLab\PokemonLab\HashMap.h(179): message :         [
C:\Users\Administrator\source\repos\PokemonLab\PokemonLab\HashMap.h(179): message :             K=std::string
C:\Users\Administrator\source\repos\PokemonLab\PokemonLab\HashMap.h(179): message :         ]
C:\Users\Administrator\source\repos\PokemonLab\PokemonLab\Source.cpp(21): message : see reference to class template instantiation 'HashMap<std::string,Set<std::string>>' being compiled
C:\Users\Administrator\source\repos\PokemonLab\PokemonLab\BinarySearchTree.h(116): warning C4715: 'BinarySearchTree<std::basic_string<char,std::char_traits<char>,std::allocator<char> > >::findNode': not all control paths return a value
C:\Users\Administrator\source\repos\PokemonLab\PokemonLab\HashMap.h(208): warning C4715: 'HashMap<std::basic_string<char,std::char_traits<char>,std::allocator<char> >,std::basic_string<char,std::char_traits<char>,std::allocator<char> > >::operator[]': not all control paths return a value
C:\Users\Administrator\source\repos\PokemonLab\PokemonLab\HashMap.h(208): warning C4715: 'HashMap<std::basic_string<char,std::char_traits<char>,std::allocator<char> >,Set<std::basic_string<char,std::char_traits<char>,std::allocator<char> > > >::operator[]': not all control paths return a value
  PokemonLab.vcxproj -> C:\Users\Administrator\source\repos\PokemonLab\x64\Debug\PokemonLab.exe
